::1 - - [22/Apr/2020:04:31:19 +0000] "GET / HTTP/1.1" 200 12 "-" "Mozilla/5.0 (Windows NT 10.0; Win64; x64) AppleWebKit/537.36 (KHTML, like Gecko) Chrome/80.0.3987.163 Safari/537.36"
::1 - - [22/Apr/2020:04:31:20 +0000] "GET /favicon.ico HTTP/1.1" 200 12 "http://localhost:4000/" "Mozilla/5.0 (Windows NT 10.0; Win64; x64) AppleWebKit/537.36 (KHTML, like Gecko) Chrome/80.0.3987.163 Safari/537.36"
::1 - - [22/Apr/2020:04:32:05 +0000] "GET / HTTP/1.1" 500 2318 "-" "Mozilla/5.0 (Windows NT 10.0; Win64; x64) AppleWebKit/537.36 (KHTML, like Gecko) Chrome/80.0.3987.163 Safari/537.36"
::1 - - [22/Apr/2020:04:33:11 +0000] "GET / HTTP/1.1" 200 250 "-" "Mozilla/5.0 (Windows NT 10.0; Win64; x64) AppleWebKit/537.36 (KHTML, like Gecko) Chrome/80.0.3987.163 Safari/537.36"
::1 - - [22/Apr/2020:04:33:11 +0000] "GET /favicon.ico HTTP/1.1" 200 250 "http://localhost:4000/" "Mozilla/5.0 (Windows NT 10.0; Win64; x64) AppleWebKit/537.36 (KHTML, like Gecko) Chrome/80.0.3987.163 Safari/537.36"
::1 - - [22/Apr/2020:05:16:51 +0000] "GET /user HTTP/1.1" 200 40 "-" "Mozilla/5.0 (Windows NT 10.0; Win64; x64) AppleWebKit/537.36 (KHTML, like Gecko) Chrome/80.0.3987.163 Safari/537.36"
::1 - - [22/Apr/2020:06:02:56 +0000] "GET /user HTTP/1.1" 200 40 "-" "PostmanRuntime/7.24.1"
::1 - - [22/Apr/2020:06:03:08 +0000] "POST /user HTTP/1.1" 200 30 "-" "PostmanRuntime/7.24.1"
::1 - - [22/Apr/2020:06:05:12 +0000] "POST /user HTTP/1.1" 200 30 "-" "PostmanRuntime/7.24.1"
::1 - - [22/Apr/2020:06:15:00 +0000] "POST /user HTTP/1.1" 200 30 "-" "PostmanRuntime/7.24.1"
::1 - - [22/Apr/2020:06:15:55 +0000] "POST /user HTTP/1.1" 200 30 "-" "PostmanRuntime/7.24.1"
::1 - - [22/Apr/2020:06:16:37 +0000] "POST /user HTTP/1.1" 200 150 "-" "PostmanRuntime/7.24.1"
::1 - - [22/Apr/2020:06:17:22 +0000] "POST /user HTTP/1.1" 200 150 "-" "PostmanRuntime/7.24.1"
::1 - - [22/Apr/2020:06:19:08 +0000] "GET /user HTTP/1.1" 200 153 "-" "PostmanRuntime/7.24.1"
::1 - - [22/Apr/2020:06:21:09 +0000] "GET /user HTTP/1.1" 200 99 "-" "PostmanRuntime/7.24.1"
::1 - - [22/Apr/2020:07:39:59 +0000] "GET /user HTTP/1.1" 200 99 "-" "PostmanRuntime/7.24.1"
::1 - - [22/Apr/2020:07:40:44 +0000] "GET /user HTTP/1.1" 200 99 "-" "PostmanRuntime/7.24.1"
::1 - - [22/Apr/2020:07:41:15 +0000] "GET /user HTTP/1.1" 200 99 "-" "PostmanRuntime/7.24.1"
::1 - - [22/Apr/2020:07:42:19 +0000] "GET /user HTTP/1.1" 200 99 "-" "PostmanRuntime/7.24.1"
::1 - - [22/Apr/2020:07:44:12 +0000] "GET /user HTTP/1.1" 200 99 "-" "PostmanRuntime/7.24.1"
::1 - - [22/Apr/2020:07:44:43 +0000] "POST /user HTTP/1.1" 500 2336 "-" "PostmanRuntime/7.24.1"
::1 - - [22/Apr/2020:07:48:02 +0000] "GET /user HTTP/1.1" 200 40 "-" "PostmanRuntime/7.24.1"
::1 - - [22/Apr/2020:07:48:27 +0000] "POST /user HTTP/1.1" 500 1468 "-" "PostmanRuntime/7.24.1"
::1 - - [22/Apr/2020:07:49:06 +0000] "POST /user HTTP/1.1" 200 152 "-" "PostmanRuntime/7.24.1"
::1 - - [22/Apr/2020:07:49:15 +0000] "POST /user HTTP/1.1" 200 152 "-" "PostmanRuntime/7.24.1"
::1 - - [22/Apr/2020:07:49:29 +0000] "POST /user HTTP/1.1" 200 150 "-" "PostmanRuntime/7.24.1"
::1 - - [22/Apr/2020:07:49:43 +0000] "POST /user HTTP/1.1" 200 150 "-" "PostmanRuntime/7.24.1"
::1 - - [22/Apr/2020:07:49:50 +0000] "GET /user HTTP/1.1" 200 161 "-" "PostmanRuntime/7.24.1"
::1 - - [22/Apr/2020:08:01:46 +0000] "GET /user HTTP/1.1" 200 161 "-" "PostmanRuntime/7.24.1"
::1 - - [22/Apr/2020:08:03:20 +0000] "POST /comment HTTP/1.1" 200 315 "-" "PostmanRuntime/7.24.1"
::1 - - [22/Apr/2020:08:04:41 +0000] "GET /comment/5e9ff709369c153030f56aa5 HTTP/1.1" 200 280 "-" "PostmanRuntime/7.24.1"
::1 - - [22/Apr/2020:08:05:00 +0000] "GET /comment/5e9ff6f2369c153030f56aa4 HTTP/1.1" 200 43 "-" "PostmanRuntime/7.24.1"
::1 - - [22/Apr/2020:15:23:00 +0000] "GET /user HTTP/1.1" 200 161 "-" "PostmanRuntime/7.24.1"
::1 - - [22/Apr/2020:15:23:15 +0000] "GET /comment/5e9ff6f2369c153030f56aa4 HTTP/1.1" 200 43 "-" "PostmanRuntime/7.24.1"
::1 - - [22/Apr/2020:15:23:26 +0000] "GET /comment/5e9ff709369c153030f56aa5 HTTP/1.1" 200 280 "-" "PostmanRuntime/7.24.1"
::1 - - [22/Apr/2020:19:40:54 +0000] "POST / HTTP/1.1" 404 140 "http://localhost:3000/" "Mozilla/5.0 (Windows NT 10.0; Win64; x64) AppleWebKit/537.36 (KHTML, like Gecko) Chrome/81.0.4044.113 Safari/537.36"
::1 - - [22/Apr/2020:19:42:47 +0000] "POST /user HTTP/1.1" 500 1468 "http://localhost:3000/" "Mozilla/5.0 (Windows NT 10.0; Win64; x64) AppleWebKit/537.36 (KHTML, like Gecko) Chrome/81.0.4044.113 Safari/537.36"
::1 - - [22/Apr/2020:19:47:06 +0000] "POST /user HTTP/1.1" 500 1468 "http://localhost:3000/" "Mozilla/5.0 (Windows NT 10.0; Win64; x64) AppleWebKit/537.36 (KHTML, like Gecko) Chrome/81.0.4044.113 Safari/537.36"
::1 - - [22/Apr/2020:19:47:41 +0000] "POST /user HTTP/1.1" 200 150 "-" "PostmanRuntime/7.24.1"
::1 - - [22/Apr/2020:19:50:15 +0000] "POST /user HTTP/1.1" 200 163 "http://localhost:3000/" "Mozilla/5.0 (Windows NT 10.0; Win64; x64) AppleWebKit/537.36 (KHTML, like Gecko) Chrome/81.0.4044.113 Safari/537.36"
::1 - - [22/Apr/2020:19:53:24 +0000] "POST /user HTTP/1.1" 200 163 "http://localhost:3000/" "Mozilla/5.0 (Windows NT 10.0; Win64; x64) AppleWebKit/537.36 (KHTML, like Gecko) Chrome/81.0.4044.113 Safari/537.36"
::1 - - [24/Apr/2020:16:56:19 +0000] "GET /user HTTP/1.1" 200 234 "-" "PostmanRuntime/7.24.1"
::1 - - [24/Apr/2020:17:05:43 +0000] "POST /user HTTP/1.1" 200 150 "http://localhost:3000/" "Mozilla/5.0 (Windows NT 10.0; Win64; x64) AppleWebKit/537.36 (KHTML, like Gecko) Chrome/81.0.4044.122 Safari/537.36"
::1 - - [24/Apr/2020:18:17:49 +0000] "POST /comment HTTP/1.1" 200 304 "-" "PostmanRuntime/7.24.1"
::1 - - [24/Apr/2020:18:18:58 +0000] "POST /user HTTP/1.1" 200 152 "http://localhost:3000/" "Mozilla/5.0 (Windows NT 10.0; Win64; x64) AppleWebKit/537.36 (KHTML, like Gecko) Chrome/81.0.4044.122 Safari/537.36"
::1 - - [24/Apr/2020:18:22:31 +0000] "POST /comment HTTP/1.1" 200 304 "-" "PostmanRuntime/7.24.1"
::1 - - [24/Apr/2020:18:23:36 +0000] "POST /user HTTP/1.1" 200 169 "http://localhost:3000/" "Mozilla/5.0 (Windows NT 10.0; Win64; x64) AppleWebKit/537.36 (KHTML, like Gecko) Chrome/81.0.4044.122 Safari/537.36"
::1 - - [24/Apr/2020:18:51:02 +0000] "POST /user HTTP/1.1" 200 169 "http://localhost:3000/" "Mozilla/5.0 (Windows NT 10.0; Win64; x64) AppleWebKit/537.36 (KHTML, like Gecko) Chrome/81.0.4044.122 Safari/537.36"
::1 - - [24/Apr/2020:18:51:02 +0000] "GET /user HTTP/1.1" 200 253 "http://localhost:3000/" "Mozilla/5.0 (Windows NT 10.0; Win64; x64) AppleWebKit/537.36 (KHTML, like Gecko) Chrome/81.0.4044.122 Safari/537.36"
::1 - - [24/Apr/2020:18:52:07 +0000] "POST /user HTTP/1.1" 200 169 "http://localhost:3000/" "Mozilla/5.0 (Windows NT 10.0; Win64; x64) AppleWebKit/537.36 (KHTML, like Gecko) Chrome/81.0.4044.122 Safari/537.36"
::1 - - [24/Apr/2020:18:52:08 +0000] "GET /user HTTP/1.1" 200 253 "http://localhost:3000/" "Mozilla/5.0 (Windows NT 10.0; Win64; x64) AppleWebKit/537.36 (KHTML, like Gecko) Chrome/81.0.4044.122 Safari/537.36"
::1 - - [24/Apr/2020:18:53:22 +0000] "POST /user HTTP/1.1" 200 169 "http://localhost:3000/" "Mozilla/5.0 (Windows NT 10.0; Win64; x64) AppleWebKit/537.36 (KHTML, like Gecko) Chrome/81.0.4044.122 Safari/537.36"
::1 - - [24/Apr/2020:18:53:22 +0000] "GET /user HTTP/1.1" 200 253 "http://localhost:3000/" "Mozilla/5.0 (Windows NT 10.0; Win64; x64) AppleWebKit/537.36 (KHTML, like Gecko) Chrome/81.0.4044.122 Safari/537.36"
::1 - - [24/Apr/2020:19:04:56 +0000] "POST /user HTTP/1.1" 200 169 "http://localhost:3000/" "Mozilla/5.0 (Windows NT 10.0; Win64; x64) AppleWebKit/537.36 (KHTML, like Gecko) Chrome/81.0.4044.122 Safari/537.36"
::1 - - [24/Apr/2020:19:04:56 +0000] "GET /user HTTP/1.1" 200 253 "http://localhost:3000/" "Mozilla/5.0 (Windows NT 10.0; Win64; x64) AppleWebKit/537.36 (KHTML, like Gecko) Chrome/81.0.4044.122 Safari/537.36"
::1 - - [24/Apr/2020:19:07:23 +0000] "POST /user HTTP/1.1" 200 169 "http://localhost:3000/" "Mozilla/5.0 (Windows NT 10.0; Win64; x64) AppleWebKit/537.36 (KHTML, like Gecko) Chrome/81.0.4044.122 Safari/537.36"
::1 - - [24/Apr/2020:19:07:23 +0000] "GET /user HTTP/1.1" 200 253 "http://localhost:3000/" "Mozilla/5.0 (Windows NT 10.0; Win64; x64) AppleWebKit/537.36 (KHTML, like Gecko) Chrome/81.0.4044.122 Safari/537.36"
::1 - - [24/Apr/2020:19:07:51 +0000] "POST /user HTTP/1.1" 200 169 "http://localhost:3000/" "Mozilla/5.0 (Windows NT 10.0; Win64; x64) AppleWebKit/537.36 (KHTML, like Gecko) Chrome/81.0.4044.122 Safari/537.36"
::1 - - [24/Apr/2020:19:07:51 +0000] "GET /user HTTP/1.1" 200 253 "http://localhost:3000/" "Mozilla/5.0 (Windows NT 10.0; Win64; x64) AppleWebKit/537.36 (KHTML, like Gecko) Chrome/81.0.4044.122 Safari/537.36"
::1 - - [24/Apr/2020:19:20:48 +0000] "POST /user HTTP/1.1" 200 169 "http://localhost:3000/" "Mozilla/5.0 (Windows NT 10.0; Win64; x64) AppleWebKit/537.36 (KHTML, like Gecko) Chrome/81.0.4044.122 Safari/537.36"
::1 - - [24/Apr/2020:19:20:48 +0000] "GET /user HTTP/1.1" 200 253 "http://localhost:3000/" "Mozilla/5.0 (Windows NT 10.0; Win64; x64) AppleWebKit/537.36 (KHTML, like Gecko) Chrome/81.0.4044.122 Safari/537.36"
::1 - - [24/Apr/2020:19:32:07 +0000] "POST /user HTTP/1.1" 200 169 "http://localhost:3000/" "Mozilla/5.0 (Windows NT 10.0; Win64; x64) AppleWebKit/537.36 (KHTML, like Gecko) Chrome/81.0.4044.122 Safari/537.36"
::1 - - [24/Apr/2020:19:32:07 +0000] "GET /user HTTP/1.1" 200 253 "http://localhost:3000/" "Mozilla/5.0 (Windows NT 10.0; Win64; x64) AppleWebKit/537.36 (KHTML, like Gecko) Chrome/81.0.4044.122 Safari/537.36"
::1 - - [24/Apr/2020:19:33:30 +0000] "POST /user HTTP/1.1" 200 169 "http://localhost:3000/" "Mozilla/5.0 (Windows NT 10.0; Win64; x64) AppleWebKit/537.36 (KHTML, like Gecko) Chrome/81.0.4044.122 Safari/537.36"
::1 - - [24/Apr/2020:19:33:30 +0000] "GET /user HTTP/1.1" 200 253 "http://localhost:3000/" "Mozilla/5.0 (Windows NT 10.0; Win64; x64) AppleWebKit/537.36 (KHTML, like Gecko) Chrome/81.0.4044.122 Safari/537.36"
::1 - - [24/Apr/2020:20:02:11 +0000] "POST /user HTTP/1.1" 200 169 "http://localhost:3000/" "Mozilla/5.0 (Windows NT 10.0; Win64; x64) AppleWebKit/537.36 (KHTML, like Gecko) Chrome/81.0.4044.122 Safari/537.36"
::1 - - [24/Apr/2020:20:02:11 +0000] "GET /user HTTP/1.1" 200 253 "http://localhost:3000/" "Mozilla/5.0 (Windows NT 10.0; Win64; x64) AppleWebKit/537.36 (KHTML, like Gecko) Chrome/81.0.4044.122 Safari/537.36"
::1 - - [24/Apr/2020:20:06:58 +0000] "POST /user HTTP/1.1" 200 169 "http://localhost:3000/" "Mozilla/5.0 (Windows NT 10.0; Win64; x64) AppleWebKit/537.36 (KHTML, like Gecko) Chrome/81.0.4044.122 Safari/537.36"
::1 - - [24/Apr/2020:20:06:58 +0000] "GET /user HTTP/1.1" 200 253 "http://localhost:3000/" "Mozilla/5.0 (Windows NT 10.0; Win64; x64) AppleWebKit/537.36 (KHTML, like Gecko) Chrome/81.0.4044.122 Safari/537.36"
::1 - - [24/Apr/2020:20:19:34 +0000] "POST /user HTTP/1.1" 200 169 "http://localhost:3000/" "Mozilla/5.0 (Windows NT 10.0; Win64; x64) AppleWebKit/537.36 (KHTML, like Gecko) Chrome/81.0.4044.122 Safari/537.36"
::1 - - [24/Apr/2020:20:19:34 +0000] "GET /user HTTP/1.1" 200 253 "http://localhost:3000/" "Mozilla/5.0 (Windows NT 10.0; Win64; x64) AppleWebKit/537.36 (KHTML, like Gecko) Chrome/81.0.4044.122 Safari/537.36"
::1 - - [24/Apr/2020:20:29:21 +0000] "POST /user HTTP/1.1" 200 169 "http://localhost:3000/" "Mozilla/5.0 (Windows NT 10.0; Win64; x64) AppleWebKit/537.36 (KHTML, like Gecko) Chrome/81.0.4044.122 Safari/537.36"
::1 - - [24/Apr/2020:20:29:21 +0000] "GET /user HTTP/1.1" 200 253 "http://localhost:3000/" "Mozilla/5.0 (Windows NT 10.0; Win64; x64) AppleWebKit/537.36 (KHTML, like Gecko) Chrome/81.0.4044.122 Safari/537.36"
::1 - - [24/Apr/2020:20:30:05 +0000] "POST /user HTTP/1.1" 200 169 "http://localhost:3000/" "Mozilla/5.0 (Windows NT 10.0; Win64; x64) AppleWebKit/537.36 (KHTML, like Gecko) Chrome/81.0.4044.122 Safari/537.36"
::1 - - [24/Apr/2020:20:30:05 +0000] "GET /user HTTP/1.1" 200 253 "http://localhost:3000/" "Mozilla/5.0 (Windows NT 10.0; Win64; x64) AppleWebKit/537.36 (KHTML, like Gecko) Chrome/81.0.4044.122 Safari/537.36"
::1 - - [24/Apr/2020:20:32:53 +0000] "POST /user HTTP/1.1" 200 169 "http://localhost:3000/" "Mozilla/5.0 (Windows NT 10.0; Win64; x64) AppleWebKit/537.36 (KHTML, like Gecko) Chrome/81.0.4044.122 Safari/537.36"
::1 - - [24/Apr/2020:20:32:54 +0000] "GET /user HTTP/1.1" 200 253 "http://localhost:3000/" "Mozilla/5.0 (Windows NT 10.0; Win64; x64) AppleWebKit/537.36 (KHTML, like Gecko) Chrome/81.0.4044.122 Safari/537.36"
::1 - - [24/Apr/2020:20:34:47 +0000] "POST /user HTTP/1.1" 200 169 "http://localhost:3000/" "Mozilla/5.0 (Windows NT 10.0; Win64; x64) AppleWebKit/537.36 (KHTML, like Gecko) Chrome/81.0.4044.122 Safari/537.36"
::1 - - [24/Apr/2020:20:34:47 +0000] "GET /user HTTP/1.1" 200 253 "http://localhost:3000/" "Mozilla/5.0 (Windows NT 10.0; Win64; x64) AppleWebKit/537.36 (KHTML, like Gecko) Chrome/81.0.4044.122 Safari/537.36"
::1 - - [24/Apr/2020:20:36:07 +0000] "POST /user HTTP/1.1" 200 169 "http://localhost:3000/" "Mozilla/5.0 (Windows NT 10.0; Win64; x64) AppleWebKit/537.36 (KHTML, like Gecko) Chrome/81.0.4044.122 Safari/537.36"
::1 - - [24/Apr/2020:20:36:07 +0000] "GET /user HTTP/1.1" 200 253 "http://localhost:3000/" "Mozilla/5.0 (Windows NT 10.0; Win64; x64) AppleWebKit/537.36 (KHTML, like Gecko) Chrome/81.0.4044.122 Safari/537.36"
::1 - - [25/Apr/2020:12:22:13 +0000] "POST /user HTTP/1.1" 200 150 "http://localhost:3000/" "Mozilla/5.0 (Windows NT 10.0; Win64; x64) AppleWebKit/537.36 (KHTML, like Gecko) Chrome/81.0.4044.122 Safari/537.36"
::1 - - [25/Apr/2020:12:22:13 +0000] "GET /user HTTP/1.1" 200 99 "http://localhost:3000/" "Mozilla/5.0 (Windows NT 10.0; Win64; x64) AppleWebKit/537.36 (KHTML, like Gecko) Chrome/81.0.4044.122 Safari/537.36"
::1 - - [25/Apr/2020:12:24:26 +0000] "POST /user HTTP/1.1" 200 150 "http://localhost:3000/" "Mozilla/5.0 (Windows NT 10.0; Win64; x64) AppleWebKit/537.36 (KHTML, like Gecko) Chrome/81.0.4044.122 Safari/537.36"
::1 - - [25/Apr/2020:12:24:27 +0000] "GET /user HTTP/1.1" 200 99 "http://localhost:3000/" "Mozilla/5.0 (Windows NT 10.0; Win64; x64) AppleWebKit/537.36 (KHTML, like Gecko) Chrome/81.0.4044.122 Safari/537.36"
::1 - - [25/Apr/2020:12:24:41 +0000] "POST /user HTTP/1.1" 200 150 "http://localhost:3000/" "Mozilla/5.0 (Windows NT 10.0; Win64; x64) AppleWebKit/537.36 (KHTML, like Gecko) Chrome/81.0.4044.122 Safari/537.36"
::1 - - [25/Apr/2020:12:24:41 +0000] "GET /user HTTP/1.1" 200 99 "http://localhost:3000/" "Mozilla/5.0 (Windows NT 10.0; Win64; x64) AppleWebKit/537.36 (KHTML, like Gecko) Chrome/81.0.4044.122 Safari/537.36"
::1 - - [25/Apr/2020:12:25:24 +0000] "POST /user HTTP/1.1" 200 152 "http://localhost:3000/" "Mozilla/5.0 (Windows NT 10.0; Win64; x64) AppleWebKit/537.36 (KHTML, like Gecko) Chrome/81.0.4044.122 Safari/537.36"
::1 - - [25/Apr/2020:12:25:24 +0000] "GET /user HTTP/1.1" 200 161 "http://localhost:3000/" "Mozilla/5.0 (Windows NT 10.0; Win64; x64) AppleWebKit/537.36 (KHTML, like Gecko) Chrome/81.0.4044.122 Safari/537.36"
::1 - - [25/Apr/2020:12:26:02 +0000] "POST /user HTTP/1.1" 200 150 "http://localhost:3000/" "Mozilla/5.0 (Windows NT 10.0; Win64; x64) AppleWebKit/537.36 (KHTML, like Gecko) Chrome/81.0.4044.122 Safari/537.36"
::1 - - [25/Apr/2020:12:26:02 +0000] "GET /user HTTP/1.1" 200 161 "http://localhost:3000/" "Mozilla/5.0 (Windows NT 10.0; Win64; x64) AppleWebKit/537.36 (KHTML, like Gecko) Chrome/81.0.4044.122 Safari/537.36"
::1 - - [25/Apr/2020:12:34:22 +0000] "POST /user HTTP/1.1" 200 150 "http://localhost:3000/" "Mozilla/5.0 (Windows NT 10.0; Win64; x64) AppleWebKit/537.36 (KHTML, like Gecko) Chrome/81.0.4044.122 Safari/537.36"
::1 - - [25/Apr/2020:12:34:22 +0000] "GET /user HTTP/1.1" 200 161 "http://localhost:3000/" "Mozilla/5.0 (Windows NT 10.0; Win64; x64) AppleWebKit/537.36 (KHTML, like Gecko) Chrome/81.0.4044.122 Safari/537.36"
::1 - - [25/Apr/2020:12:34:55 +0000] "POST /user HTTP/1.1" 200 150 "http://localhost:3000/" "Mozilla/5.0 (Windows NT 10.0; Win64; x64) AppleWebKit/537.36 (KHTML, like Gecko) Chrome/81.0.4044.122 Safari/537.36"
::1 - - [25/Apr/2020:12:34:55 +0000] "GET /user HTTP/1.1" 200 161 "http://localhost:3000/" "Mozilla/5.0 (Windows NT 10.0; Win64; x64) AppleWebKit/537.36 (KHTML, like Gecko) Chrome/81.0.4044.122 Safari/537.36"
::1 - - [25/Apr/2020:12:52:58 +0000] "POST /user HTTP/1.1" 200 150 "http://localhost:3000/" "Mozilla/5.0 (Windows NT 10.0; Win64; x64) AppleWebKit/537.36 (KHTML, like Gecko) Chrome/81.0.4044.122 Safari/537.36"
::1 - - [25/Apr/2020:12:52:58 +0000] "GET /user HTTP/1.1" 200 161 "http://localhost:3000/" "Mozilla/5.0 (Windows NT 10.0; Win64; x64) AppleWebKit/537.36 (KHTML, like Gecko) Chrome/81.0.4044.122 Safari/537.36"
::1 - - [25/Apr/2020:12:53:07 +0000] "POST /comment HTTP/1.1" 200 291 "http://localhost:3000/" "Mozilla/5.0 (Windows NT 10.0; Win64; x64) AppleWebKit/537.36 (KHTML, like Gecko) Chrome/81.0.4044.122 Safari/537.36"
::1 - - [25/Apr/2020:12:58:35 +0000] "POST /user HTTP/1.1" 200 150 "http://localhost:3000/" "Mozilla/5.0 (Windows NT 10.0; Win64; x64) AppleWebKit/537.36 (KHTML, like Gecko) Chrome/81.0.4044.122 Safari/537.36"
::1 - - [25/Apr/2020:12:58:35 +0000] "GET /user HTTP/1.1" 200 180 "http://localhost:3000/" "Mozilla/5.0 (Windows NT 10.0; Win64; x64) AppleWebKit/537.36 (KHTML, like Gecko) Chrome/81.0.4044.122 Safari/537.36"
::1 - - [25/Apr/2020:13:55:37 +0000] "POST /user HTTP/1.1" 200 150 "http://localhost:3000/" "Mozilla/5.0 (Windows NT 10.0; Win64; x64) AppleWebKit/537.36 (KHTML, like Gecko) Chrome/81.0.4044.122 Safari/537.36"
::1 - - [25/Apr/2020:13:55:37 +0000] "GET /user HTTP/1.1" 200 180 "http://localhost:3000/" "Mozilla/5.0 (Windows NT 10.0; Win64; x64) AppleWebKit/537.36 (KHTML, like Gecko) Chrome/81.0.4044.122 Safari/537.36"
::1 - - [25/Apr/2020:13:59:47 +0000] "POST /user HTTP/1.1" 200 150 "http://localhost:3000/" "Mozilla/5.0 (Windows NT 10.0; Win64; x64) AppleWebKit/537.36 (KHTML, like Gecko) Chrome/81.0.4044.122 Safari/537.36"
::1 - - [25/Apr/2020:13:59:47 +0000] "GET /user HTTP/1.1" 200 180 "http://localhost:3000/" "Mozilla/5.0 (Windows NT 10.0; Win64; x64) AppleWebKit/537.36 (KHTML, like Gecko) Chrome/81.0.4044.122 Safari/537.36"
::1 - - [25/Apr/2020:14:01:16 +0000] "POST /user HTTP/1.1" 200 150 "http://localhost:3000/" "Mozilla/5.0 (Windows NT 10.0; Win64; x64) AppleWebKit/537.36 (KHTML, like Gecko) Chrome/81.0.4044.122 Safari/537.36"
::1 - - [25/Apr/2020:14:01:16 +0000] "GET /user HTTP/1.1" 200 180 "http://localhost:3000/" "Mozilla/5.0 (Windows NT 10.0; Win64; x64) AppleWebKit/537.36 (KHTML, like Gecko) Chrome/81.0.4044.122 Safari/537.36"
::1 - - [25/Apr/2020:14:04:41 +0000] "POST /user HTTP/1.1" 200 150 "http://localhost:3000/" "Mozilla/5.0 (Windows NT 10.0; Win64; x64) AppleWebKit/537.36 (KHTML, like Gecko) Chrome/81.0.4044.122 Safari/537.36"
::1 - - [25/Apr/2020:14:04:41 +0000] "GET /user HTTP/1.1" 200 180 "http://localhost:3000/" "Mozilla/5.0 (Windows NT 10.0; Win64; x64) AppleWebKit/537.36 (KHTML, like Gecko) Chrome/81.0.4044.122 Safari/537.36"
::1 - - [25/Apr/2020:14:05:11 +0000] "POST /user HTTP/1.1" 200 150 "http://localhost:3000/" "Mozilla/5.0 (Windows NT 10.0; Win64; x64) AppleWebKit/537.36 (KHTML, like Gecko) Chrome/81.0.4044.122 Safari/537.36"
::1 - - [25/Apr/2020:14:05:11 +0000] "GET /user HTTP/1.1" 200 180 "http://localhost:3000/" "Mozilla/5.0 (Windows NT 10.0; Win64; x64) AppleWebKit/537.36 (KHTML, like Gecko) Chrome/81.0.4044.122 Safari/537.36"
::1 - - [25/Apr/2020:14:24:22 +0000] "POST /user HTTP/1.1" 200 150 "http://localhost:3000/" "Mozilla/5.0 (Windows NT 10.0; Win64; x64) AppleWebKit/537.36 (KHTML, like Gecko) Chrome/81.0.4044.122 Safari/537.36"
::1 - - [25/Apr/2020:14:24:22 +0000] "GET /user HTTP/1.1" 200 180 "http://localhost:3000/" "Mozilla/5.0 (Windows NT 10.0; Win64; x64) AppleWebKit/537.36 (KHTML, like Gecko) Chrome/81.0.4044.122 Safari/537.36"
::ffff:127.0.0.1 - - [25/Apr/2020:14:30:33 +0000] "POST /user HTTP/1.1" 200 171 "http://localhost:3000/" "Mozilla/5.0 (Windows NT 10.0; Win64; x64; rv:75.0) Gecko/20100101 Firefox/75.0"
::ffff:127.0.0.1 - - [25/Apr/2020:14:30:33 +0000] "GET /user HTTP/1.1" 200 180 "http://localhost:3000/" "Mozilla/5.0 (Windows NT 10.0; Win64; x64; rv:75.0) Gecko/20100101 Firefox/75.0"
::1 - - [25/Apr/2020:14:35:07 +0000] "POST /user HTTP/1.1" 200 150 "http://localhost:3000/" "Mozilla/5.0 (Windows NT 10.0; Win64; x64) AppleWebKit/537.36 (KHTML, like Gecko) Chrome/81.0.4044.122 Safari/537.36"
::1 - - [25/Apr/2020:14:35:07 +0000] "GET /user HTTP/1.1" 200 180 "http://localhost:3000/" "Mozilla/5.0 (Windows NT 10.0; Win64; x64) AppleWebKit/537.36 (KHTML, like Gecko) Chrome/81.0.4044.122 Safari/537.36"
::ffff:127.0.0.1 - - [25/Apr/2020:14:36:06 +0000] "POST /user HTTP/1.1" 200 171 "http://localhost:3000/" "Mozilla/5.0 (Windows NT 10.0; Win64; x64; rv:75.0) Gecko/20100101 Firefox/75.0"
::ffff:127.0.0.1 - - [25/Apr/2020:14:36:06 +0000] "GET /user HTTP/1.1" 200 180 "http://localhost:3000/" "Mozilla/5.0 (Windows NT 10.0; Win64; x64; rv:75.0) Gecko/20100101 Firefox/75.0"
::ffff:127.0.0.1 - - [25/Apr/2020:14:57:37 +0000] "POST /user HTTP/1.1" 200 171 "http://localhost:3000/" "Mozilla/5.0 (Windows NT 10.0; Win64; x64; rv:75.0) Gecko/20100101 Firefox/75.0"
::ffff:127.0.0.1 - - [25/Apr/2020:14:57:37 +0000] "GET /user HTTP/1.1" 200 180 "http://localhost:3000/" "Mozilla/5.0 (Windows NT 10.0; Win64; x64; rv:75.0) Gecko/20100101 Firefox/75.0"
::ffff:127.0.0.1 - - [25/Apr/2020:15:01:46 +0000] "POST /user HTTP/1.1" 200 150 "http://localhost:3000/" "Mozilla/5.0 (Windows NT 10.0; Win64; x64; rv:75.0) Gecko/20100101 Firefox/75.0"
::ffff:127.0.0.1 - - [25/Apr/2020:15:01:46 +0000] "GET /user HTTP/1.1" 200 180 "http://localhost:3000/" "Mozilla/5.0 (Windows NT 10.0; Win64; x64; rv:75.0) Gecko/20100101 Firefox/75.0"
::1 - - [25/Apr/2020:15:02:00 +0000] "POST /user HTTP/1.1" 200 171 "http://localhost:3000/" "Mozilla/5.0 (Windows NT 10.0; Win64; x64) AppleWebKit/537.36 (KHTML, like Gecko) Chrome/81.0.4044.122 Safari/537.36"
::1 - - [25/Apr/2020:15:02:00 +0000] "GET /user HTTP/1.1" 200 180 "http://localhost:3000/" "Mozilla/5.0 (Windows NT 10.0; Win64; x64) AppleWebKit/537.36 (KHTML, like Gecko) Chrome/81.0.4044.122 Safari/537.36"
::1 - - [25/Apr/2020:15:02:46 +0000] "POST /user HTTP/1.1" 200 150 "http://localhost:3000/" "Mozilla/5.0 (Windows NT 10.0; Win64; x64) AppleWebKit/537.36 (KHTML, like Gecko) Chrome/81.0.4044.122 Safari/537.36"
::1 - - [25/Apr/2020:15:02:46 +0000] "GET /user HTTP/1.1" 200 180 "http://localhost:3000/" "Mozilla/5.0 (Windows NT 10.0; Win64; x64) AppleWebKit/537.36 (KHTML, like Gecko) Chrome/81.0.4044.122 Safari/537.36"
::ffff:127.0.0.1 - - [25/Apr/2020:15:02:58 +0000] "POST /user HTTP/1.1" 200 171 "http://localhost:3000/" "Mozilla/5.0 (Windows NT 10.0; Win64; x64; rv:75.0) Gecko/20100101 Firefox/75.0"
::ffff:127.0.0.1 - - [25/Apr/2020:15:02:59 +0000] "GET /user HTTP/1.1" 200 180 "http://localhost:3000/" "Mozilla/5.0 (Windows NT 10.0; Win64; x64; rv:75.0) Gecko/20100101 Firefox/75.0"
::ffff:127.0.0.1 - - [25/Apr/2020:15:52:31 +0000] "POST /user HTTP/1.1" 200 150 "http://localhost:3000/" "Mozilla/5.0 (Windows NT 10.0; Win64; x64; rv:75.0) Gecko/20100101 Firefox/75.0"
::ffff:127.0.0.1 - - [25/Apr/2020:15:52:32 +0000] "GET /user HTTP/1.1" 200 180 "http://localhost:3000/" "Mozilla/5.0 (Windows NT 10.0; Win64; x64; rv:75.0) Gecko/20100101 Firefox/75.0"
::1 - - [25/Apr/2020:15:58:26 +0000] "POST /user HTTP/1.1" 200 150 "http://localhost:3000/" "Mozilla/5.0 (Windows NT 10.0; Win64; x64) AppleWebKit/537.36 (KHTML, like Gecko) Chrome/81.0.4044.122 Safari/537.36"
::1 - - [25/Apr/2020:15:58:26 +0000] "GET /user HTTP/1.1" 200 180 "http://localhost:3000/" "Mozilla/5.0 (Windows NT 10.0; Win64; x64) AppleWebKit/537.36 (KHTML, like Gecko) Chrome/81.0.4044.122 Safari/537.36"
::1 - - [25/Apr/2020:15:59:13 +0000] "POST /user HTTP/1.1" 200 171 "http://localhost:3000/" "Mozilla/5.0 (Windows NT 10.0; Win64; x64) AppleWebKit/537.36 (KHTML, like Gecko) Chrome/81.0.4044.122 Safari/537.36"
::1 - - [25/Apr/2020:15:59:13 +0000] "GET /user HTTP/1.1" 200 180 "http://localhost:3000/" "Mozilla/5.0 (Windows NT 10.0; Win64; x64) AppleWebKit/537.36 (KHTML, like Gecko) Chrome/81.0.4044.122 Safari/537.36"
::1 - - [25/Apr/2020:16:10:31 +0000] "POST /user HTTP/1.1" 200 150 "http://localhost:3000/" "Mozilla/5.0 (Windows NT 10.0; Win64; x64) AppleWebKit/537.36 (KHTML, like Gecko) Chrome/81.0.4044.122 Safari/537.36"
::1 - - [25/Apr/2020:16:10:31 +0000] "GET /user HTTP/1.1" 200 180 "http://localhost:3000/" "Mozilla/5.0 (Windows NT 10.0; Win64; x64) AppleWebKit/537.36 (KHTML, like Gecko) Chrome/81.0.4044.122 Safari/537.36"
::1 - - [25/Apr/2020:16:11:28 +0000] "POST /user HTTP/1.1" 200 171 "http://localhost:3000/" "Mozilla/5.0 (Windows NT 10.0; Win64; x64) AppleWebKit/537.36 (KHTML, like Gecko) Chrome/81.0.4044.122 Safari/537.36"
::1 - - [25/Apr/2020:16:11:28 +0000] "GET /user HTTP/1.1" 200 180 "http://localhost:3000/" "Mozilla/5.0 (Windows NT 10.0; Win64; x64) AppleWebKit/537.36 (KHTML, like Gecko) Chrome/81.0.4044.122 Safari/537.36"
::1 - - [25/Apr/2020:16:13:15 +0000] "POST /user HTTP/1.1" 200 150 "http://localhost:3000/" "Mozilla/5.0 (Windows NT 10.0; Win64; x64) AppleWebKit/537.36 (KHTML, like Gecko) Chrome/81.0.4044.122 Safari/537.36"
::1 - - [25/Apr/2020:16:13:15 +0000] "GET /user HTTP/1.1" 200 180 "http://localhost:3000/" "Mozilla/5.0 (Windows NT 10.0; Win64; x64) AppleWebKit/537.36 (KHTML, like Gecko) Chrome/81.0.4044.122 Safari/537.36"
::1 - - [25/Apr/2020:16:13:28 +0000] "POST /user HTTP/1.1" 200 171 "http://localhost:3000/" "Mozilla/5.0 (Windows NT 10.0; Win64; x64) AppleWebKit/537.36 (KHTML, like Gecko) Chrome/81.0.4044.122 Safari/537.36"
::1 - - [25/Apr/2020:16:13:29 +0000] "GET /user HTTP/1.1" 200 180 "http://localhost:3000/" "Mozilla/5.0 (Windows NT 10.0; Win64; x64) AppleWebKit/537.36 (KHTML, like Gecko) Chrome/81.0.4044.122 Safari/537.36"
::1 - - [25/Apr/2020:16:14:57 +0000] "POST /user HTTP/1.1" 200 171 "http://localhost:3000/" "Mozilla/5.0 (Windows NT 10.0; Win64; x64) AppleWebKit/537.36 (KHTML, like Gecko) Chrome/81.0.4044.122 Safari/537.36"
::1 - - [25/Apr/2020:16:14:57 +0000] "GET /user HTTP/1.1" 200 180 "http://localhost:3000/" "Mozilla/5.0 (Windows NT 10.0; Win64; x64) AppleWebKit/537.36 (KHTML, like Gecko) Chrome/81.0.4044.122 Safari/537.36"
::1 - - [25/Apr/2020:16:16:14 +0000] "POST /user HTTP/1.1" 200 150 "http://localhost:3000/" "Mozilla/5.0 (Windows NT 10.0; Win64; x64) AppleWebKit/537.36 (KHTML, like Gecko) Chrome/81.0.4044.122 Safari/537.36"
::1 - - [25/Apr/2020:16:16:14 +0000] "GET /user HTTP/1.1" 200 180 "http://localhost:3000/" "Mozilla/5.0 (Windows NT 10.0; Win64; x64) AppleWebKit/537.36 (KHTML, like Gecko) Chrome/81.0.4044.122 Safari/537.36"
::ffff:127.0.0.1 - - [25/Apr/2020:16:16:31 +0000] "POST /user HTTP/1.1" 200 171 "http://localhost:3000/" "Mozilla/5.0 (Windows NT 10.0; Win64; x64; rv:75.0) Gecko/20100101 Firefox/75.0"
::ffff:127.0.0.1 - - [25/Apr/2020:16:16:31 +0000] "GET /user HTTP/1.1" 200 180 "http://localhost:3000/" "Mozilla/5.0 (Windows NT 10.0; Win64; x64; rv:75.0) Gecko/20100101 Firefox/75.0"
::ffff:127.0.0.1 - - [25/Apr/2020:17:02:49 +0000] "POST /user HTTP/1.1" 200 171 "http://localhost:3000/" "Mozilla/5.0 (Windows NT 10.0; Win64; x64; rv:75.0) Gecko/20100101 Firefox/75.0"
::ffff:127.0.0.1 - - [25/Apr/2020:17:02:50 +0000] "GET /user HTTP/1.1" 200 180 "http://localhost:3000/" "Mozilla/5.0 (Windows NT 10.0; Win64; x64; rv:75.0) Gecko/20100101 Firefox/75.0"
::1 - - [25/Apr/2020:17:02:58 +0000] "POST /user HTTP/1.1" 200 150 "http://localhost:3000/" "Mozilla/5.0 (Windows NT 10.0; Win64; x64) AppleWebKit/537.36 (KHTML, like Gecko) Chrome/81.0.4044.122 Safari/537.36"
::1 - - [25/Apr/2020:17:02:58 +0000] "GET /user HTTP/1.1" 200 180 "http://localhost:3000/" "Mozilla/5.0 (Windows NT 10.0; Win64; x64) AppleWebKit/537.36 (KHTML, like Gecko) Chrome/81.0.4044.122 Safari/537.36"
::ffff:127.0.0.1 - - [25/Apr/2020:17:06:39 +0000] "POST /user HTTP/1.1" 200 171 "http://localhost:3000/" "Mozilla/5.0 (Windows NT 10.0; Win64; x64; rv:75.0) Gecko/20100101 Firefox/75.0"
::ffff:127.0.0.1 - - [25/Apr/2020:17:06:39 +0000] "GET /user HTTP/1.1" 200 180 "http://localhost:3000/" "Mozilla/5.0 (Windows NT 10.0; Win64; x64; rv:75.0) Gecko/20100101 Firefox/75.0"
::1 - - [25/Apr/2020:17:14:18 +0000] "GET /comment/5e9ff709369c153030f56aa5 HTTP/1.1" 200 43 "-" "PostmanRuntime/7.24.1"
::ffff:127.0.0.1 - - [25/Apr/2020:17:34:47 +0000] "POST /user HTTP/1.1" 200 171 "http://localhost:3000/" "Mozilla/5.0 (Windows NT 10.0; Win64; x64; rv:75.0) Gecko/20100101 Firefox/75.0"
::ffff:127.0.0.1 - - [25/Apr/2020:17:34:47 +0000] "GET /user HTTP/1.1" 200 180 "http://localhost:3000/" "Mozilla/5.0 (Windows NT 10.0; Win64; x64; rv:75.0) Gecko/20100101 Firefox/75.0"
::1 - - [25/Apr/2020:17:35:49 +0000] "POST /user HTTP/1.1" 200 150 "http://localhost:3000/" "Mozilla/5.0 (Windows NT 10.0; Win64; x64) AppleWebKit/537.36 (KHTML, like Gecko) Chrome/81.0.4044.122 Safari/537.36"
::1 - - [25/Apr/2020:17:35:49 +0000] "GET /user HTTP/1.1" 200 180 "http://localhost:3000/" "Mozilla/5.0 (Windows NT 10.0; Win64; x64) AppleWebKit/537.36 (KHTML, like Gecko) Chrome/81.0.4044.122 Safari/537.36"
::1 - - [25/Apr/2020:17:39:32 +0000] "POST /user HTTP/1.1" 200 150 "http://localhost:3000/" "Mozilla/5.0 (Windows NT 10.0; Win64; x64) AppleWebKit/537.36 (KHTML, like Gecko) Chrome/81.0.4044.122 Safari/537.36"
::1 - - [25/Apr/2020:17:39:33 +0000] "GET /user HTTP/1.1" 200 180 "http://localhost:3000/" "Mozilla/5.0 (Windows NT 10.0; Win64; x64) AppleWebKit/537.36 (KHTML, like Gecko) Chrome/81.0.4044.122 Safari/537.36"
::1 - - [25/Apr/2020:17:40:09 +0000] "POST /user HTTP/1.1" 200 150 "http://localhost:3000/" "Mozilla/5.0 (Windows NT 10.0; Win64; x64) AppleWebKit/537.36 (KHTML, like Gecko) Chrome/81.0.4044.122 Safari/537.36"
::1 - - [25/Apr/2020:17:40:10 +0000] "GET /user HTTP/1.1" 200 180 "http://localhost:3000/" "Mozilla/5.0 (Windows NT 10.0; Win64; x64) AppleWebKit/537.36 (KHTML, like Gecko) Chrome/81.0.4044.122 Safari/537.36"
::ffff:127.0.0.1 - - [25/Apr/2020:17:41:23 +0000] "POST /user HTTP/1.1" 200 171 "http://localhost:3000/" "Mozilla/5.0 (Windows NT 10.0; Win64; x64; rv:75.0) Gecko/20100101 Firefox/75.0"
::ffff:127.0.0.1 - - [25/Apr/2020:17:41:23 +0000] "GET /user HTTP/1.1" 200 180 "http://localhost:3000/" "Mozilla/5.0 (Windows NT 10.0; Win64; x64; rv:75.0) Gecko/20100101 Firefox/75.0"
::ffff:127.0.0.1 - - [25/Apr/2020:17:53:23 +0000] "POST /user HTTP/1.1" 200 171 "http://localhost:3000/" "Mozilla/5.0 (Windows NT 10.0; Win64; x64; rv:75.0) Gecko/20100101 Firefox/75.0"
::ffff:127.0.0.1 - - [25/Apr/2020:17:54:11 +0000] "POST /user HTTP/1.1" 200 171 "http://localhost:3000/" "Mozilla/5.0 (Windows NT 10.0; Win64; x64; rv:75.0) Gecko/20100101 Firefox/75.0"
::ffff:127.0.0.1 - - [25/Apr/2020:17:54:11 +0000] "GET /user HTTP/1.1" 200 180 "http://localhost:3000/" "Mozilla/5.0 (Windows NT 10.0; Win64; x64; rv:75.0) Gecko/20100101 Firefox/75.0"
::1 - - [25/Apr/2020:17:54:49 +0000] "POST /user HTTP/1.1" 200 150 "http://localhost:3000/" "Mozilla/5.0 (Windows NT 10.0; Win64; x64) AppleWebKit/537.36 (KHTML, like Gecko) Chrome/81.0.4044.122 Safari/537.36"
::1 - - [25/Apr/2020:17:54:49 +0000] "GET /user HTTP/1.1" 200 180 "http://localhost:3000/" "Mozilla/5.0 (Windows NT 10.0; Win64; x64) AppleWebKit/537.36 (KHTML, like Gecko) Chrome/81.0.4044.122 Safari/537.36"
::1 - - [25/Apr/2020:17:54:57 +0000] "GET /comment/5ea42b757a76d72d78f179ee HTTP/1.1" 200 43 "http://localhost:3000/" "Mozilla/5.0 (Windows NT 10.0; Win64; x64) AppleWebKit/537.36 (KHTML, like Gecko) Chrome/81.0.4044.122 Safari/537.36"
::1 - - [25/Apr/2020:17:55:20 +0000] "GET /comment/5ea42b757a76d72d78f179ee HTTP/1.1" 304 - "http://localhost:3000/" "Mozilla/5.0 (Windows NT 10.0; Win64; x64) AppleWebKit/537.36 (KHTML, like Gecko) Chrome/81.0.4044.122 Safari/537.36"
::1 - - [25/Apr/2020:17:55:26 +0000] "GET /comment/5ea42b757a76d72d78f179ee HTTP/1.1" 304 - "http://localhost:3000/" "Mozilla/5.0 (Windows NT 10.0; Win64; x64) AppleWebKit/537.36 (KHTML, like Gecko) Chrome/81.0.4044.122 Safari/537.36"
::ffff:127.0.0.1 - - [25/Apr/2020:17:55:44 +0000] "GET /comment/5ea42c347a76d72d78f179ef HTTP/1.1" 200 256 "http://localhost:3000/" "Mozilla/5.0 (Windows NT 10.0; Win64; x64; rv:75.0) Gecko/20100101 Firefox/75.0"
::ffff:127.0.0.1 - - [25/Apr/2020:17:55:51 +0000] "GET /comment/5ea42c347a76d72d78f179ef HTTP/1.1" 304 - "http://localhost:3000/" "Mozilla/5.0 (Windows NT 10.0; Win64; x64; rv:75.0) Gecko/20100101 Firefox/75.0"
::ffff:127.0.0.1 - - [25/Apr/2020:18:02:58 +0000] "POST /user HTTP/1.1" 200 172 "http://localhost:3000/" "Mozilla/5.0 (Windows NT 10.0; Win64; x64; rv:75.0) Gecko/20100101 Firefox/75.0"
::ffff:127.0.0.1 - - [25/Apr/2020:18:02:58 +0000] "GET /user HTTP/1.1" 200 201 "http://localhost:3000/" "Mozilla/5.0 (Windows NT 10.0; Win64; x64; rv:75.0) Gecko/20100101 Firefox/75.0"
::ffff:127.0.0.1 - - [25/Apr/2020:18:03:00 +0000] "GET /comment/5ea42c347a76d72d78f179ef HTTP/1.1" 304 - "http://localhost:3000/" "Mozilla/5.0 (Windows NT 10.0; Win64; x64; rv:75.0) Gecko/20100101 Firefox/75.0"
::ffff:127.0.0.1 - - [25/Apr/2020:18:06:30 +0000] "POST /user HTTP/1.1" 200 172 "http://localhost:3000/" "Mozilla/5.0 (Windows NT 10.0; Win64; x64; rv:75.0) Gecko/20100101 Firefox/75.0"
::ffff:127.0.0.1 - - [25/Apr/2020:18:06:31 +0000] "GET /user HTTP/1.1" 200 201 "http://localhost:3000/" "Mozilla/5.0 (Windows NT 10.0; Win64; x64; rv:75.0) Gecko/20100101 Firefox/75.0"
::ffff:127.0.0.1 - - [25/Apr/2020:18:06:32 +0000] "GET /comment/5ea42c347a76d72d78f179ef HTTP/1.1" 304 - "http://localhost:3000/" "Mozilla/5.0 (Windows NT 10.0; Win64; x64; rv:75.0) Gecko/20100101 Firefox/75.0"
::1 - - [25/Apr/2020:18:07:06 +0000] "POST /user HTTP/1.1" 200 170 "http://localhost:3000/" "Mozilla/5.0 (Windows NT 10.0; Win64; x64) AppleWebKit/537.36 (KHTML, like Gecko) Chrome/81.0.4044.122 Safari/537.36"
::1 - - [25/Apr/2020:18:07:06 +0000] "GET /user HTTP/1.1" 200 201 "http://localhost:3000/" "Mozilla/5.0 (Windows NT 10.0; Win64; x64) AppleWebKit/537.36 (KHTML, like Gecko) Chrome/81.0.4044.122 Safari/537.36"
::1 - - [25/Apr/2020:18:07:08 +0000] "GET /comment/5ea42b757a76d72d78f179ee HTTP/1.1" 304 - "http://localhost:3000/" "Mozilla/5.0 (Windows NT 10.0; Win64; x64) AppleWebKit/537.36 (KHTML, like Gecko) Chrome/81.0.4044.122 Safari/537.36"
::ffff:127.0.0.1 - - [25/Apr/2020:18:10:25 +0000] "POST /user HTTP/1.1" 200 172 "http://localhost:3000/" "Mozilla/5.0 (Windows NT 10.0; Win64; x64; rv:75.0) Gecko/20100101 Firefox/75.0"
::ffff:127.0.0.1 - - [25/Apr/2020:18:10:25 +0000] "GET /user HTTP/1.1" 200 201 "http://localhost:3000/" "Mozilla/5.0 (Windows NT 10.0; Win64; x64; rv:75.0) Gecko/20100101 Firefox/75.0"
::ffff:127.0.0.1 - - [25/Apr/2020:18:10:26 +0000] "GET /comment/5ea42c347a76d72d78f179ef HTTP/1.1" 304 - "http://localhost:3000/" "Mozilla/5.0 (Windows NT 10.0; Win64; x64; rv:75.0) Gecko/20100101 Firefox/75.0"
::1 - - [25/Apr/2020:18:10:47 +0000] "POST /user HTTP/1.1" 200 170 "http://localhost:3000/" "Mozilla/5.0 (Windows NT 10.0; Win64; x64) AppleWebKit/537.36 (KHTML, like Gecko) Chrome/81.0.4044.122 Safari/537.36"
::1 - - [25/Apr/2020:18:10:48 +0000] "GET /user HTTP/1.1" 200 201 "http://localhost:3000/" "Mozilla/5.0 (Windows NT 10.0; Win64; x64) AppleWebKit/537.36 (KHTML, like Gecko) Chrome/81.0.4044.122 Safari/537.36"
::ffff:127.0.0.1 - - [25/Apr/2020:18:10:59 +0000] "POST /comment HTTP/1.1" 200 290 "http://localhost:3000/" "Mozilla/5.0 (Windows NT 10.0; Win64; x64; rv:75.0) Gecko/20100101 Firefox/75.0"
::1 - - [25/Apr/2020:18:11:04 +0000] "GET /comment/5ea42b757a76d72d78f179ee HTTP/1.1" 200 255 "http://localhost:3000/" "Mozilla/5.0 (Windows NT 10.0; Win64; x64) AppleWebKit/537.36 (KHTML, like Gecko) Chrome/81.0.4044.122 Safari/537.36"
::1 - - [25/Apr/2020:18:11:40 +0000] "POST /comment HTTP/1.1" 200 292 "http://localhost:3000/" "Mozilla/5.0 (Windows NT 10.0; Win64; x64) AppleWebKit/537.36 (KHTML, like Gecko) Chrome/81.0.4044.122 Safari/537.36"
::ffff:127.0.0.1 - - [25/Apr/2020:18:11:46 +0000] "GET /comment/5ea42c347a76d72d78f179ef HTTP/1.1" 200 471 "http://localhost:3000/" "Mozilla/5.0 (Windows NT 10.0; Win64; x64; rv:75.0) Gecko/20100101 Firefox/75.0"
::1 - - [25/Apr/2020:18:12:53 +0000] "POST /comment HTTP/1.1" 200 294 "http://localhost:3000/" "Mozilla/5.0 (Windows NT 10.0; Win64; x64) AppleWebKit/537.36 (KHTML, like Gecko) Chrome/81.0.4044.122 Safari/537.36"
::1 - - [25/Apr/2020:18:13:56 +0000] "POST /user HTTP/1.1" 200 171 "http://localhost:3000/" "Mozilla/5.0 (Windows NT 10.0; Win64; x64) AppleWebKit/537.36 (KHTML, like Gecko) Chrome/81.0.4044.122 Safari/537.36"
::1 - - [25/Apr/2020:18:13:56 +0000] "GET /user HTTP/1.1" 200 200 "http://localhost:3000/" "Mozilla/5.0 (Windows NT 10.0; Win64; x64) AppleWebKit/537.36 (KHTML, like Gecko) Chrome/81.0.4044.122 Safari/537.36"
::1 - - [25/Apr/2020:18:14:00 +0000] "GET /comment/5ea42c347a76d72d78f179ef HTTP/1.1" 200 688 "http://localhost:3000/" "Mozilla/5.0 (Windows NT 10.0; Win64; x64) AppleWebKit/537.36 (KHTML, like Gecko) Chrome/81.0.4044.122 Safari/537.36"
::1 - - [25/Apr/2020:18:28:56 +0000] "GET /comment/5ea42c347a76d72d78f179ef HTTP/1.1" 200 688 "http://localhost:3000/" "Mozilla/5.0 (Windows NT 10.0; Win64; x64) AppleWebKit/537.36 (KHTML, like Gecko) Chrome/81.0.4044.122 Safari/537.36"
